===Part1-(i)===
===Input Matrix===
[[9 0 6 2]
 [9 9 5 1]
 [8 1 5 8]
 [7 9 2 5]]
===Input Mask===
[[1 1 1]
 [0 1 0]
 [1 1 1]]
===GPU Output===
[[27 23 21  8]
 [27 38 27 22]
 [42 42 36 21]
 [16 23 16 18]]
===CPU Output===
[[27 23 21  8]
 [27 38 27 22]
 [42 42 36 21]
 [16 23 16 18]]
Validation result: True
===Part1-(ii)===
Matrix size 10 * 20 True
Matrix size 20 * 40 True
Matrix size 30 * 60 True
Matrix size 40 * 80 True
Matrix size 50 * 100 True
Matrix size 60 * 120 True
Matrix size 70 * 140 True
Matrix size 80 * 160 True
Matrix size 90 * 180 True
Matrix size 100 * 200 True
Matrix size 200 * 300 True
Matrix size 300 * 400 True
Matrix size 400 * 500 True
Matrix size 500 * 600 True
[[ 0.00031304  0.00029707  0.00029111  0.00028706  0.00030112  0.00030994
   0.00032306  0.00033808  0.00036502  0.00037503  0.00055218  0.00082397
   0.00131202  0.00178909]]
===Part1-(iii)===
Mask size: 3 * 3 True
Mask size: 5 * 5 True
Mask size: 7 * 7 True
Mask size: 9 * 9 True
Mask size: 11 * 11 True
Mask size: 13 * 13 True
Mask size: 15 * 15 True
Mask size: 17 * 17 True
Mask size: 19 * 19 True
Mask size: 21 * 21 True
Mask size: 23 * 23 True
Mask size: 25 * 25 True
[[ 0.00064802  0.00068092  0.00074291  0.00076199  0.00089812  0.00113297
   0.00114608  0.00172591  0.00180602  0.00210404  0.00303507  0.00434113]]
